This is pdfTeX, Version 3.1415926-1.40.10 (TeX Live 2009/Debian) (format=pdflatex 2013.8.6)  19 MAR 2014 14:28
entering extended mode
 %&-line parsing enabled.
**140309_GH_JCH_compare.tex
(./140309_GH_JCH_compare.tex
LaTeX2e <2009/09/24>
Babel <v3.8l> and hyphenation patterns for english, usenglishmax, dumylang, noh
yphenation, loaded.
(/usr/share/texmf-texlive/tex/latex/revtex4/revtex4.cls
Document Class: revtex4 2001/08/02 v4.0 (http://publish.aps.org/revtex4/ for do
cumentation)
 Copyright (c) 2001 The American Physical Society.
 mailto:revtex@aps.org
 Licensed under the LPPL:
http://www.ctan.org/tex-archive/macros/latex/base/lppl.txt
 Arthur Ogawa <ogawa@teleport.com>
 Based on work by David Carlisle <david@dcarlisle.demon.co.uk>.
ltxutil: portions licensed from W. E. Baxter (web@superscript.com)
Class revtex4 Info: Repairing broken LateX \@sect on input line 596.
\intertabularlinepenalty=\count79
\@tbpen=\count80
\@arstrutbox@hline=\box26
Class revtex4 Info: Repairing broken LaTeX \@xbitor on input line 1610.
ltxgrid: portions licensed from W. E. Baxter (web@superscript.com)
\c@linecount=\count81
\output=\toks14
\@protection@box=\box27
\@topmark@saved=\toks15
\footins@saved=\box28
\pagesofar=\box29
\footbox=\box30
\pagegrid@col=\count82
Class revtex4 Info: Incorporating package {textcase}  [1998/11/12 v0.06 Text on
ly upper/lower case changing (DPC)]. on input line 3682.
(/usr/share/texmf-texlive/tex/latex/ltxmisc/url.sty
\Urlmuskip=\muskip10
Package: url 2006/04/12  ver 3.3  Verb mode for urls, etc.
)
\c@affil=\count83
\absbox=\box31
\c@part=\count84
\c@section=\count85
\c@subsection=\count86
\c@subsubsection=\count87
\c@paragraph=\count88
\c@subparagraph=\count89
\abovecaptionskip=\skip41
\belowcaptionskip=\skip42
\c@figure=\count90
\c@table=\count91

(/usr/share/texmf-texlive/tex/latex/natbib/natbib.sty
Package: natbib 2009/07/16 8.31 (PWD, AO)
\bibhang=\skip43
\bibsep=\skip44
LaTeX Info: Redefining \cite on input line 694.
\c@NAT@ctr=\count92
)
\widetext@top=\box32
\widetext@bot=\box33

(/usr/share/texmf-texlive/tex/latex/revtex4/revsymb.sty
Package: revsymb 2001/08/02 v4.0 (http://publish.aps.org/revtex4/ for documenta
tion)
LaTeX Info: Redefining \REV@mathfrak on input line 118.
))
(/usr/share/texmf-texlive/tex/latex/amsfonts/amssymb.sty
Package: amssymb 2009/06/22 v3.00

(/usr/share/texmf-texlive/tex/latex/amsfonts/amsfonts.sty
Package: amsfonts 2009/06/22 v3.00 Basic AMSFonts support
\@emptytoks=\toks16
\symAMSa=\mathgroup4
\symAMSb=\mathgroup5
LaTeX Font Info:    Overwriting math alphabet `\mathfrak' in version `bold'
(Font)                  U/euf/m/n --> U/euf/b/n on input line 96.
LaTeX Info: Redefining \frak on input line 99.
LaTeX Info: Redefining \Bbb on input line 101.
))
(/usr/share/texmf-texlive/tex/latex/amsmath/amsmath.sty
Package: amsmath 2000/07/18 v2.13 AMS math features
\@mathmargin=\skip45

For additional information on amsmath, use the `?' option.
(/usr/share/texmf-texlive/tex/latex/amsmath/amstext.sty
Package: amstext 2000/06/29 v2.01

(/usr/share/texmf-texlive/tex/latex/amsmath/amsgen.sty
File: amsgen.sty 1999/11/30 v2.0
\@emptytoks=\toks17
\ex@=\dimen102
))
(/usr/share/texmf-texlive/tex/latex/amsmath/amsbsy.sty
Package: amsbsy 1999/11/29 v1.2d
\pmbraise@=\dimen103
)
(/usr/share/texmf-texlive/tex/latex/amsmath/amsopn.sty
Package: amsopn 1999/12/14 v2.01 operator names
)
\inf@bad=\count93
LaTeX Info: Redefining \frac on input line 211.
\uproot@=\count94
\leftroot@=\count95
LaTeX Info: Redefining \overline on input line 307.
\classnum@=\count96
\DOTSCASE@=\count97
LaTeX Info: Redefining \ldots on input line 379.
LaTeX Info: Redefining \dots on input line 382.
LaTeX Info: Redefining \cdots on input line 467.
\Mathstrutbox@=\box34
\strutbox@=\box35
\big@size=\dimen104
LaTeX Font Info:    Redeclaring font encoding OML on input line 567.
LaTeX Font Info:    Redeclaring font encoding OMS on input line 568.
\macc@depth=\count98
\c@MaxMatrixCols=\count99
\dotsspace@=\muskip11
\c@parentequation=\count100
\dspbrk@lvl=\count101
\tag@help=\toks18
\row@=\count102
\column@=\count103
\maxfields@=\count104
\andhelp@=\toks19
\eqnshift@=\dimen105
\alignsep@=\dimen106
\tagshift@=\dimen107
\tagwidth@=\dimen108
\totwidth@=\dimen109
\lineht@=\dimen110
\@envbody=\toks20
\multlinegap=\skip46
\multlinetaggap=\skip47
\mathdisplay@stack=\toks21
LaTeX Info: Redefining \[ on input line 2666.
LaTeX Info: Redefining \] on input line 2667.
)
(/usr/share/texmf-texlive/tex/latex/revtex4/aps.rtx
File: aps.rtx 2001/08/02 v4.0 (http://publish.aps.org/revtex4/ for documentatio
n)
)
(/usr/share/texmf-texlive/tex/latex/revtex4/10pt.rtx
File: 10pt.rtx 2001/08/02 v4.0 (http://publish.aps.org/revtex4/ for documentati
on)
)
(/usr/share/texmf-texlive/tex/latex/graphics/graphicx.sty
Package: graphicx 1999/02/16 v1.0f Enhanced LaTeX Graphics (DPC,SPQR)

(/usr/share/texmf-texlive/tex/latex/graphics/keyval.sty
Package: keyval 1999/03/16 v1.13 key=value parser (DPC)
\KV@toks@=\toks22
)
(/usr/share/texmf-texlive/tex/latex/graphics/graphics.sty
Package: graphics 2009/02/05 v1.0o Standard LaTeX Graphics (DPC,SPQR)

(/usr/share/texmf-texlive/tex/latex/graphics/trig.sty
Package: trig 1999/03/16 v1.09 sin cos tan (DPC)
)
(/etc/texmf/tex/latex/config/graphics.cfg
File: graphics.cfg 2009/08/28 v1.8 graphics configuration of TeX Live
)
Package graphics Info: Driver file: pdftex.def on input line 91.

(/usr/share/texmf-texlive/tex/latex/pdftex-def/pdftex.def
File: pdftex.def 2010/03/12 v0.04p Graphics/color for pdfTeX
\Gread@gobject=\count105
))
\Gin@req@height=\dimen111
\Gin@req@width=\dimen112
)
(/usr/share/texmf-texlive/tex/latex/tools/dcolumn.sty
Package: dcolumn 2001/05/28 v1.06 decimal alignment package (DPC)

(/usr/share/texmf-texlive/tex/latex/tools/array.sty
Package: array 2008/09/09 v2.4c Tabular extension package (FMi)
\col@sep=\dimen113
\extrarowheight=\dimen114
\NC@list=\toks23
\extratabsurround=\skip48
\backup@length=\skip49
))
(/usr/share/texmf-texlive/tex/latex/tools/bm.sty
Package: bm 2004/02/26 v1.1c Bold Symbol Support (DPC/FMi)
\symboldoperators=\mathgroup6
\symboldletters=\mathgroup7
\symboldsymbols=\mathgroup8
LaTeX Font Info:    Redeclaring math alphabet \mathbf on input line 138.
LaTeX Info: Redefining \bm on input line 204.
)
(/usr/share/texmf-texlive/tex/latex/graphics/epsfig.sty
Package: epsfig 1999/02/16 v1.7a (e)psfig emulation (SPQR)
\epsfxsize=\dimen115
\epsfysize=\dimen116
)
(/usr/share/texmf-texlive/tex/latex/graphics/color.sty
Package: color 2005/11/14 v1.0j Standard LaTeX Color (DPC)

(/etc/texmf/tex/latex/config/color.cfg
File: color.cfg 2007/01/18 v1.5 color configuration of teTeX/TeXLive
)
Package color Info: Driver file: pdftex.def on input line 130.
)

! LaTeX Error: File `wrapfig.sty' not found.

Type X to quit or <RETURN> to proceed,
or enter new name. (Default extension: sty)

Enter file name: ^^[[A
! Text line contains an invalid character.
<read *> ^^[
            [A
l.13 ^^M
        
? 

! LaTeX Error: File `[A.sty' not found.

Type X to quit or <RETURN> to proceed,
or enter new name. (Default extension: sty)

Enter file name: 
(./140309_GH_JCH_compare.aux

LaTeX Warning: Label `eq:adef' multiply defined.


LaTeX Warning: Label `fig:sketch' multiply defined.


LaTeX Warning: Label `fig:sketch' multiply defined.


LaTeX Warning: Label `fig:sketch' multiply defined.


LaTeX Warning: Label `fig:sketch' multiply defined.


LaTeX Warning: Label `fig:sketch' multiply defined.


LaTeX Warning: Label `fig:sketch' multiply defined.


LaTeX Warning: Label `fig:sketch' multiply defined.

)
\openout1 = `140309_GH_JCH_compare.aux'.

LaTeX Font Info:    Checking defaults for OML/cmm/m/it on input line 23.
LaTeX Font Info:    ... okay on input line 23.
LaTeX Font Info:    Checking defaults for T1/cmr/m/n on input line 23.
LaTeX Font Info:    ... okay on input line 23.
LaTeX Font Info:    Checking defaults for OT1/cmr/m/n on input line 23.
LaTeX Font Info:    ... okay on input line 23.
LaTeX Font Info:    Checking defaults for OMS/cmsy/m/n on input line 23.
LaTeX Font Info:    ... okay on input line 23.
LaTeX Font Info:    Checking defaults for OMX/cmex/m/n on input line 23.
LaTeX Font Info:    ... okay on input line 23.
LaTeX Font Info:    Checking defaults for U/cmr/m/n on input line 23.
LaTeX Font Info:    ... okay on input line 23.
Class revtex4 Info: Patching array package. on input line 23.
Class revtex4 Info: cite was not loaded (OK!) on input line 23.
Class revtex4 Info: multicol was not loaded (OK!) on input line 23.
 (/usr/share/texmf-texlive/tex/context/base/supp-pdf.mkii
[Loading MPS to PDF converter (version 2006.09.02).]
\scratchcounter=\count106
\scratchdimen=\dimen117
\scratchbox=\box36
\nofMPsegments=\count107
\nofMParguments=\count108
\everyMPshowfont=\toks24
\MPscratchCnt=\count109
\MPscratchDim=\dimen118
\MPnumerator=\count110
\everyMPtoPDFconversion=\toks25
)

Class revtex4 Warning: Assuming \noaffiliation for J. Hopkins.

LaTeX Font Info:    Try loading font information for U+msa on input line 39.
(/usr/share/texmf-texlive/tex/latex/amsfonts/umsa.fd
File: umsa.fd 2009/06/22 v3.00 AMS symbols A
)
LaTeX Font Info:    Try loading font information for U+msb on input line 39.

(/usr/share/texmf-texlive/tex/latex/amsfonts/umsb.fd
File: umsb.fd 2009/06/22 v3.00 AMS symbols B
)
<prop_plots/65w65_eps2.pdf, id=1, 578.16pt x 433.62pt>
File: prop_plots/65w65_eps2.pdf Graphic file (type pdf)

<use prop_plots/65w65_eps2.pdf>
Overfull \hbox (40.79875pt too wide) in paragraph at lines 47--48
 [] 
 []

<prop_plots/65w65_eiz.pdf, id=3, 578.16pt x 433.62pt>
File: prop_plots/65w65_eiz.pdf Graphic file (type pdf)

<use prop_plots/65w65_eiz.pdf>
Overfull \hbox (40.79875pt too wide) in paragraph at lines 53--54
 [] 
 []

<prop_plots/91w91_eps2.pdf, id=5, 578.16pt x 433.62pt>
File: prop_plots/91w91_eps2.pdf Graphic file (type pdf)

<use prop_plots/91w91_eps2.pdf>
Overfull \hbox (40.79875pt too wide) in paragraph at lines 67--68
 [] 
 []

<prop_plots/91w91_eiz.pdf, id=7, 578.16pt x 433.62pt>
File: prop_plots/91w91_eiz.pdf Graphic file (type pdf)

<use prop_plots/91w91_eiz.pdf>
Overfull \hbox (40.79875pt too wide) in paragraph at lines 73--74
 [] 
 []

<prop_plots/93w93_eps2.pdf, id=9, 578.16pt x 433.62pt>
File: prop_plots/93w93_eps2.pdf Graphic file (type pdf)

<use prop_plots/93w93_eps2.pdf>
Overfull \hbox (40.79875pt too wide) in paragraph at lines 87--88
 [] 
 []

<prop_plots/93w93_eiz.pdf, id=11, 578.16pt x 433.62pt>
File: prop_plots/93w93_eiz.pdf Graphic file (type pdf)

<use prop_plots/93w93_eiz.pdf>
Overfull \hbox (40.79875pt too wide) in paragraph at lines 93--94
 [] 
 []

<prop_plots/290w290_eps2.pdf, id=13, 578.16pt x 433.62pt>
File: prop_plots/290w290_eps2.pdf Graphic file (type pdf)

<use prop_plots/290w290_eps2.pdf>
Overfull \hbox (40.79875pt too wide) in paragraph at lines 107--108
 [] 
 []

<prop_plots/290w290_eiz.pdf, id=15, 578.16pt x 433.62pt>
File: prop_plots/290w290_eiz.pdf Graphic file (type pdf)

<use prop_plots/290w290_eiz.pdf>
Overfull \hbox (40.79875pt too wide) in paragraph at lines 113--114
 [] 
 []


LaTeX Warning: Reference `anisoind' on page 1 undefined on input line 123.

[1{/var/lib/texmf/fonts/map/pdftex/updmap/pdftex.map} <./prop_plots/65w65_eps2.
pdf> <./prop_plots/65w65_eiz.pdf>] [2 <./prop_plots/91w91_eps2.pdf> <./prop_plo
ts/91w91_eiz.pdf> <./prop_plots/93w93_eps2.pdf> <./prop_plots/93w93_eiz.pdf>]

Package natbib Warning: Citation `Barash89' on page 3 undefined on input line 1
42.


LaTeX Warning: File `140309_65w65_GH_skew_ret_A0_A2.pdf' not found on input lin
e 152.


! Package pdftex.def Error: File `140309_65w65_GH_skew_ret_A0_A2.pdf' not found
.

See the pdftex.def package documentation for explanation.
Type  H <return>  for immediate help.
 ...                                              
                                                  
l.152 ...2cm]{140309_65w65_GH_skew_ret_A0_A2.pdf}}
                                                  
? 

LaTeX Warning: File `140309_91w91_GH_skew_ret_A0_A2.pdf' not found on input lin
e 161.


! Package pdftex.def Error: File `140309_91w91_GH_skew_ret_A0_A2.pdf' not found
.

See the pdftex.def package documentation for explanation.
Type  H <return>  for immediate help.
 ...                                              
                                                  
l.161 ...2cm]{140309_91w91_GH_skew_ret_A0_A2.pdf}}
                                                  
? 

LaTeX Warning: File `140309_93w93_GH_skew_ret_A0_A2.pdf' not found on input lin
e 170.


! Package pdftex.def Error: File `140309_93w93_GH_skew_ret_A0_A2.pdf' not found
.

See the pdftex.def package documentation for explanation.
Type  H <return>  for immediate help.
 ...                                              
                                                  
l.170 ...2cm]{140309_93w93_GH_skew_ret_A0_A2.pdf}}
                                                  
? 

LaTeX Warning: File `140309_290w290_GH_skew_ret_A0_A2.pdf' not found on input l
ine 179.


! Package pdftex.def Error: File `140309_290w290_GH_skew_ret_A0_A2.pdf' not fou
nd.

See the pdftex.def package documentation for explanation.
Type  H <return>  for immediate help.
 ...                                              
                                                  
l.179 ...m]{140309_290w290_GH_skew_ret_A0_A2.pdf}}
                                                  
? 

LaTeX Warning: Reference `form1' on page 3 undefined on input line 187.

[3 <./prop_plots/290w290_eps2.pdf> <./prop_plots/290w290_eiz.pdf>] [4]

Package natbib Warning: Citation `Parsegian' on page 5 undefined on input line 
251.

[5] [6]

LaTeX Warning: File `140309_65w65_GH_skew_ret_A0_A2.pdf' not found on input lin
e 294.


! Package pdftex.def Error: File `140309_65w65_GH_skew_ret_A0_A2.pdf' not found
.

See the pdftex.def package documentation for explanation.
Type  H <return>  for immediate help.
 ...                                              
                                                  
l.294 ...8cm]{140309_65w65_GH_skew_ret_A0_A2.pdf}}
                                                  
? 

LaTeX Warning: File `140309_91w91_GH_skew_ret_A0_A2.pdf' not found on input lin
e 303.


! Package pdftex.def Error: File `140309_91w91_GH_skew_ret_A0_A2.pdf' not found
.

See the pdftex.def package documentation for explanation.
Type  H <return>  for immediate help.
 ...                                              
                                                  
l.303 ...8cm]{140309_91w91_GH_skew_ret_A0_A2.pdf}}
                                                  
? 

LaTeX Warning: File `140309_93w93_GH_skew_ret_A0_A2.pdf' not found on input lin
e 312.


! Package pdftex.def Error: File `140309_93w93_GH_skew_ret_A0_A2.pdf' not found
.

See the pdftex.def package documentation for explanation.
Type  H <return>  for immediate help.
 ...                                              
                                                  
l.312 ...8cm]{140309_93w93_GH_skew_ret_A0_A2.pdf}}
                                                  
? 

LaTeX Warning: File `140309_290w290_GH_skew_ret_A0_A2.pdf' not found on input l
ine 321.


! Package pdftex.def Error: File `140309_290w290_GH_skew_ret_A0_A2.pdf' not fou
nd.

See the pdftex.def package documentation for explanation.
Type  H <return>  for immediate help.
 ...                                              
                                                  
l.321 ...m]{140309_290w290_GH_skew_ret_A0_A2.pdf}}
                                                  
? 

Package natbib Warning: There were undefined citations.

[7] [8] [9] (./140309_GH_JCH_compare.aux)

LaTeX Warning: There were undefined references.


LaTeX Warning: There were multiply-defined labels.

 ) 
Here is how much of TeX's memory you used:
 3625 strings out of 495061
 44477 string characters out of 1182622
 120353 words of memory out of 3000000
 6753 multiletter control sequences out of 15000+50000
 14169 words of font info for 53 fonts, out of 3000000 for 9000
 28 hyphenation exceptions out of 8191
 32i,10n,26p,891b,388s stack positions out of 5000i,500n,10000p,200000b,50000s
</usr/share/texmf-texlive/fonts/type1/public/amsfonts/cm/cmbx10.pfb></usr/sha
re/texmf-texlive/fonts/type1/public/amsfonts/cm/cmbx12.pfb></usr/share/texmf-te
xlive/fonts/type1/public/amsfonts/cm/cmbx9.pfb></usr/share/texmf-texlive/fonts/
type1/public/amsfonts/cm/cmex10.pfb></usr/share/texmf-texlive/fonts/type1/publi
c/amsfonts/cmextra/cmex7.pfb></usr/share/texmf-texlive/fonts/type1/public/amsfo
nts/cm/cmmi10.pfb></usr/share/texmf-texlive/fonts/type1/public/amsfonts/cm/cmmi
5.pfb></usr/share/texmf-texlive/fonts/type1/public/amsfonts/cm/cmmi6.pfb></usr/
share/texmf-texlive/fonts/type1/public/amsfonts/cm/cmmi7.pfb></usr/share/texmf-
texlive/fonts/type1/public/amsfonts/cm/cmmi9.pfb></usr/share/texmf-texlive/font
s/type1/public/amsfonts/cm/cmr10.pfb></usr/share/texmf-texlive/fonts/type1/publ
ic/amsfonts/cm/cmr5.pfb></usr/share/texmf-texlive/fonts/type1/public/amsfonts/c
m/cmr6.pfb></usr/share/texmf-texlive/fonts/type1/public/amsfonts/cm/cmr7.pfb></
usr/share/texmf-texlive/fonts/type1/public/amsfonts/cm/cmr9.pfb></usr/share/tex
mf-texlive/fonts/type1/public/amsfonts/cm/cmsl10.pfb></usr/share/texmf-texlive/
fonts/type1/public/amsfonts/cm/cmsy10.pfb></usr/share/texmf-texlive/fonts/type1
/public/amsfonts/cm/cmsy7.pfb></usr/share/texmf-texlive/fonts/type1/public/amsf
onts/cm/cmtt9.pfb></usr/share/texmf-texlive/fonts/type1/public/amsfonts/symbols
/msbm10.pfb></usr/share/texmf-texlive/fonts/type1/public/amsfonts/symbols/msbm7
.pfb>
Output written on 140309_GH_JCH_compare.pdf (9 pages, 489945 bytes).
PDF statistics:
 545 PDF objects out of 1000 (max. 8388607)
 0 named destinations out of 1000 (max. 500000)
 41 words of extra memory for PDF output out of 10000 (max. 10000000)

